<?xml version="1.0" encoding="UTF-8"?>
<!-- Generated by org.testng.reporters.JUnitReportReporter -->
<testsuite hostname="Lis-PC" failures="0" tests="1" name="testScript.ManageContactsTest" time="12.104" errors="0" timestamp="2024-12-08T15:53:31 IST" skipped="0">
  <testcase classname="testScript.ManageContactsTest" name="verifyContactDetailsareupdated" time="12.104"/>
  <system-out/>
</testsuite> <!-- testScript.ManageContactsTest -->
