<?xml version="1.0" encoding="UTF-8"?>
<!-- Generated by org.testng.reporters.JUnitReportReporter -->
<testsuite hostname="Lis-PC" failures="0" tests="5" name="testScript.LoginPageTest" time="22.340" errors="0" timestamp="2024-12-19T18:46:33 IST" skipped="0">
  <testcase classname="testScript.LoginPageTest" name="verifyUserIsAbleToLoginWithInvalidUsernameAndInvalidPassword" time="3.543"/>
  <testcase classname="testScript.LoginPageTest" name="verifyUserIsAbleToLoginWithInvalidUsernameAndValidPassword" time="3.619"/>
  <testcase classname="testScript.LoginPageTest" name="verifyUserIsAbleToLoginWithInvalidUsernameAndInvalidPassword" time="5.040"/>
  <testcase classname="testScript.LoginPageTest" name="verifyUserIsAbleToLoginWithValidCredentials" time="4.264"/>
  <testcase classname="testScript.LoginPageTest" name="verifyUserIsAbleToLoginWithValidUsernameAndInvalidPassword" time="5.874"/>
</testsuite> <!-- testScript.LoginPageTest -->
