<?xml version="1.0" encoding="UTF-8"?>
<!-- Generated by org.testng.reporters.JUnitReportReporter -->
<testsuite hostname="Lis-PC" failures="0" tests="1" name="testScript.ManageNews_AddNewsTest" time="5.336" errors="0" timestamp="2024-12-08T14:11:06 IST" skipped="0">
  <testcase classname="testScript.ManageNews_AddNewsTest" name="verifyNewUserIsAdded" time="5.336"/>
  <system-out/>
</testsuite> <!-- testScript.ManageNews_AddNewsTest -->
