<?xml version="1.0" encoding="UTF-8"?>
<!-- Generated by org.testng.reporters.JUnitReportReporter -->
<testsuite hostname="Lis-PC" failures="0" tests="1" name="testScript.AdminUsers_UserSearchTest" time="9.006" errors="0" timestamp="2024-12-16T12:58:36 IST" skipped="0">
  <testcase classname="testScript.AdminUsers_UserSearchTest" name="verifyUserCanBeSearched" time="9.006"/>
</testsuite> <!-- testScript.AdminUsers_UserSearchTest -->
