<?xml version="1.0" encoding="UTF-8"?>
<!-- Generated by org.testng.reporters.JUnitReportReporter -->
<testsuite hostname="Lis-PC" failures="0" tests="1" name="testScript.ManageSubCategory_SearchSubCategoryTest" time="9.610" errors="0" timestamp="2024-12-08T16:53:18 IST" skipped="0">
  <testcase classname="testScript.ManageSubCategory_SearchSubCategoryTest" name="VerifyUserCanSearchExistingSubCategory" time="9.610"/>
  <system-out/>
</testsuite> <!-- testScript.ManageSubCategory_SearchSubCategoryTest -->
