<?xml version="1.0" encoding="UTF-8"?>
<!-- Generated by org.testng.reporters.JUnitReportReporter -->
<testsuite hostname="Lis-PC" failures="0" tests="1" name="testScript.LoginPageTest" time="6.176" errors="0" timestamp="2024-12-17T14:09:37 IST" skipped="0">
  <testcase classname="testScript.LoginPageTest" name="verifyUserIsAbleToLoginWithValidCredentials" time="6.176"/>
</testsuite> <!-- testScript.LoginPageTest -->
