<?xml version="1.0" encoding="UTF-8"?>
<!-- Generated by org.testng.reporters.JUnitReportReporter -->
<testsuite hostname="Lis-PC" failures="0" tests="1" name="testScript.LoginPageTest" time="5.495" errors="0" timestamp="2024-12-16T12:58:36 IST" skipped="0">
  <testcase classname="testScript.LoginPageTest" name="verifyUserIsAbleToLoginWithInvalidUsernameAndInvalidPassword" time="5.495"/>
</testsuite> <!-- testScript.LoginPageTest -->
