<?xml version="1.0" encoding="UTF-8"?>
<!-- Generated by org.testng.reporters.JUnitReportReporter -->
<testsuite hostname="Lis-PC" failures="0" tests="1" name="testScript.ManageCategory_AddSubCategory_Test" time="8.703" errors="0" timestamp="2024-12-08T16:10:17 IST" skipped="0">
  <testcase classname="testScript.ManageCategory_AddSubCategory_Test" name="verifyUserIsAbleToAddSubCategory" time="8.703"/>
  <system-out/>
</testsuite> <!-- testScript.ManageCategory_AddSubCategory_Test -->
